#
# A fatal error has been detected by the Java Runtime Environment:
#
#  SIGSEGV (0xb) at pc=0xb344781d, pid=10428, tid=1701628736
#
# JRE version: OpenJDK Runtime Environment (7.0_51) (build 1.7.0_51-b00)
# Java VM: OpenJDK Server VM (24.45-b08 mixed mode linux-x86 )
# Problematic frame:
# v  ~BufferBlob::jni_fast_GetLongField
#
# Failed to write core dump. Core dumps have been disabled. To enable core dumping, try "ulimit -c unlimited" before starting Java again
#
# If you would like to submit a bug report, please include
# instructions on how to reproduce the bug and visit:
#   http://icedtea.classpath.org/bugzilla
# The crash happened outside the Java Virtual Machine in native code.
# See problematic frame for where to report the bug.
#

---------------  T H R E A D  ---------------

Current thread (0x667a9400):  JavaThread "AWT-XAWT" daemon [_thread_in_native, id=10452, stack(0x6567c000,0x656cd000)]

siginfo:si_signo=SIGSEGV: si_errno=0, si_code=1 (SEGV_MAPERR), si_addr=0x00000000

Registers:
EAX=0x00000000, EBX=0x6a17c000, ECX=0x0000000a, EDX=0x00000000
ESP=0x656cbe28, EBP=0x656cbe78, ESI=0x00000042, EDI=0x667a9528
EIP=0xb344781d, EFLAGS=0x00210246, CR2=0x00000000

Top of Stack: (sp=0x656cbe28)
0x656cbe28:   00000000 6a148873 667a9528 00000000
0x656cbe38:   00000042 b7784000 b7784000 00000000
0x656cbe48:   66731d0c 667a9528 66731d0c 0000000e
0x656cbe58:   656cbe78 6a148944 b716e060 00010002
0x656cbe68:   6a14884f 66642000 67021f90 00000000
0x656cbe78:   670220a8 6656de18 670220a8 00000000
0x656cbe88:   00000000 66642000 66c0c148 66715188
0x656cbe98:   6656ddb9 66642000 67022488 01400003 

Instructions: (pc=0xb344781d)
0xb34477fd:   00 00 00 56 8b 0d 24 8f 18 b7 f6 c1 01 0f 85 30
0xb344780d:   00 00 00 8b c1 83 e0 01 8b 54 04 0c 8b 74 24 10
0xb344781d:   8b 12 c1 ee 02 8b 04 32 8b 54 32 04 be 24 8f 18
0xb344782d:   b7 33 f2 33 f0 33 f2 33 f0 3b 0e 0f 85 02 00 00 

Register to memory mapping:

EAX=0x00000000 is an unknown value
EBX=0x6a17c000: <offset 0x52000> in /usr/lib/jvm/java-7-openjdk-i386/jre/lib/i386/xawt/libmawt.so at 0x6a12a000
ECX=0x0000000a is an unknown value
EDX=0x00000000 is an unknown value
ESP=0x656cbe28 is pointing into the stack for thread: 0x667a9400
EBP=0x656cbe78 is pointing into the stack for thread: 0x667a9400
ESI=0x00000042 is an unknown value
EDI=0x667a9528 is an unknown value


Stack: [0x6567c000,0x656cd000],  sp=0x656cbe28,  free space=319k
Native frames: (J=compiled Java code, j=interpreted, Vv=VM code, C=native code)
v  ~BufferBlob::jni_fast_GetLongField

Java frames: (J=compiled Java code, j=interpreted, Vv=VM code)
j  sun.awt.X11.XlibWrapper.XFilterEvent(JJ)Z+0
j  sun.awt.X11.XToolkit.run(Z)V+300
j  sun.awt.X11.XToolkit.run()V+5
j  java.lang.Thread.run()V+11
v  ~StubRoutines::call_stub

---------------  P R O C E S S  ---------------

Java Threads: ( => current thread )
  0x67031800 JavaThread "Thread-0" [_thread_in_native, id=10461, stack(0x6519a000,0x651eb000)]
  0x67026c00 JavaThread "TimerQueue" daemon [_thread_blocked, id=10458, stack(0x651eb000,0x6523c000)]
  0xb6407800 JavaThread "DestroyJavaVM" [_thread_blocked, id=10434, stack(0xb65b2000,0xb6603000)]
=>0x667a9400 JavaThread "AWT-XAWT" daemon [_thread_in_native, id=10452, stack(0x6567c000,0x656cd000)]
  0x66794800 JavaThread "Java2D Disposer" daemon [_thread_blocked, id=10451, stack(0x656cd000,0x6571e000)]
  0x6728bc00 JavaThread "Service Thread" daemon [_thread_blocked, id=10449, stack(0x6a32e000,0x6a37f000)]
  0x6728a000 JavaThread "C2 CompilerThread1" daemon [_thread_blocked, id=10448, stack(0x66a7f000,0x66b00000)]
  0x67288000 JavaThread "C2 CompilerThread0" daemon [_thread_blocked, id=10447, stack(0x66d7f000,0x66e00000)]
  0x67286800 JavaThread "Signal Dispatcher" daemon [_thread_blocked, id=10446, stack(0x6a52e000,0x6a57f000)]
  0x67274800 JavaThread "Finalizer" daemon [_thread_blocked, id=10445, stack(0x6a72e000,0x6a77f000)]
  0x67273000 JavaThread "Reference Handler" daemon [_thread_blocked, id=10444, stack(0x6a92e000,0x6a97f000)]

Other Threads:
  0x67270800 VMThread [stack: 0x67551000,0x675d2000] [id=10443]
  0x6728dc00 WatcherThread [stack: 0x6687f000,0x66900000] [id=10450]

VM state:not at safepoint (normal execution)

VM Mutex/Monitor currently owned by a thread: None

Heap
 PSYoungGen      total 19456K, used 9221K [0x9ddc0000, 0x9f340000, 0xb3340000)
  eden space 16896K, 54% used [0x9ddc0000,0x9e6c1740,0x9ee40000)
  from space 2560K, 0% used [0x9f0c0000,0x9f0c0000,0x9f340000)
  to   space 2560K, 0% used [0x9ee40000,0x9ee40000,0x9f0c0000)
 ParOldGen       total 43520K, used 0K [0x73340000, 0x75dc0000, 0x9ddc0000)
  object space 43520K, 0% used [0x73340000,0x73340000,0x75dc0000)
 PSPermGen       total 16384K, used 8485K [0x6b340000, 0x6c340000, 0x73340000)
  object space 16384K, 51% used [0x6b340000,0x6bb89788,0x6c340000)

Card table byte_map: [0x6b0ff000,0x6b340000] byte_map_base: 0x6ada5600

Polling page: 0xb778a000

Code Cache  [0xb3400000, 0xb3640000, 0xb6400000)
 total_blobs=297 nmethods=63 adapters=187 free_code_cache=48733Kb largest_free_block=49881792

Compilation events (10 events):
Event: 483.688 Thread 0x6728a000   59             sun.awt.X11.XEvent::get_type (18 bytes)
Event: 483.690 Thread 0x6728a000 nmethod 59 0xb346d788 code [0xb346d8c0, 0xb346da64]
Event: 484.006 Thread 0x67288000   60             java.lang.Long::<init> (10 bytes)
Event: 484.007 Thread 0x67288000 nmethod 60 0xb3467c48 code [0xb3467d20, 0xb3467d70]
Event: 484.042 Thread 0x6728a000   61             java.lang.Long::valueOf (40 bytes)
Event: 484.043 Thread 0x6728a000 nmethod 61 0xb345d988 code [0xb345da80, 0xb345db70]
Event: 485.281 Thread 0x67288000   62             java.util.TreeMap::getEntry (84 bytes)
Event: 485.289 Thread 0x67288000 nmethod 62 0xb346bbc8 code [0xb346bcc0, 0xb346bdf0]
Event: 485.709 Thread 0x6728a000   63             sun.awt.X11.Native::getLong (25 bytes)
Event: 485.711 Thread 0x6728a000 nmethod 63 0xb346b9c8 code [0xb346bac0, 0xb346bb50]

GC Heap History (0 events):
No events

Deoptimization events (8 events):
Event: 1.028 Thread 0xb6407800 Uncommon trap: reason=class_check action=maybe_recompile pc=0xb3454fc0 method=java.util.Properties$LineReader.readLine()I @ 62
Event: 1.029 Thread 0xb6407800 Uncommon trap: reason=class_check action=maybe_recompile pc=0xb3454fc0 method=java.util.Properties$LineReader.readLine()I @ 62
Event: 1.029 Thread 0xb6407800 Uncommon trap: reason=class_check action=maybe_recompile pc=0xb3454fc0 method=java.util.Properties$LineReader.readLine()I @ 62
Event: 1.030 Thread 0xb6407800 Uncommon trap: reason=class_check action=maybe_recompile pc=0xb3454fc0 method=java.util.Properties$LineReader.readLine()I @ 62
Event: 1.986 Thread 0x65534400 Uncommon trap: reason=class_check action=maybe_recompile pc=0xb3455a84 method=java.lang.String.equals(Ljava/lang/Object;)Z @ 8
Event: 2.080 Thread 0x65534400 Uncommon trap: reason=class_check action=maybe_recompile pc=0xb3455a84 method=java.lang.String.equals(Ljava/lang/Object;)Z @ 8
Event: 3.090 Thread 0x65534400 Uncommon trap: reason=class_check action=maybe_recompile pc=0xb3455a84 method=java.lang.String.equals(Ljava/lang/Object;)Z @ 8
Event: 3.091 Thread 0x65534400 Uncommon trap: reason=class_check action=maybe_recompile pc=0xb3455a84 method=java.lang.String.equals(Ljava/lang/Object;)Z @ 8

Internal exceptions (10 events):
Event: 0.283 Thread 0xb6407800 Threw 0x9de61290 at /build/buildd/openjdk-7-7u51-2.4.4/build/openjdk/hotspot/src/share/vm/prims/jvm.cpp:1244
Event: 0.897 Thread 0xb6407800 Threw 0x9df4a090 at /build/buildd/openjdk-7-7u51-2.4.4/build/openjdk/hotspot/src/share/vm/prims/jvm.cpp:1244
Event: 0.965 Thread 0xb6407800 Threw 0x9df739b8 at /build/buildd/openjdk-7-7u51-2.4.4/build/openjdk/hotspot/src/share/vm/prims/jvm.cpp:1244
Event: 1.050 Thread 0xb6407800 Threw 0x9e051b48 at /build/buildd/openjdk-7-7u51-2.4.4/build/openjdk/hotspot/src/share/vm/prims/jvm.cpp:1244
Event: 1.051 Thread 0xb6407800 Threw 0x9e0548a8 at /build/buildd/openjdk-7-7u51-2.4.4/build/openjdk/hotspot/src/share/vm/prims/jvm.cpp:1244
Event: 1.077 Thread 0xb6407800 Threw 0x9e076ae8 at /build/buildd/openjdk-7-7u51-2.4.4/build/openjdk/hotspot/src/share/vm/prims/jvm.cpp:1244
Event: 1.348 Thread 0x65534400 Threw 0x9e0e3370 at /build/buildd/openjdk-7-7u51-2.4.4/build/openjdk/hotspot/src/share/vm/prims/jni.cpp:743
Event: 12.305 Thread 0x65534400 Threw 0x9e4d5430 at /build/buildd/openjdk-7-7u51-2.4.4/build/openjdk/hotspot/src/share/vm/prims/jvm.cpp:1244
Event: 12.307 Thread 0x65534400 Threw 0x9e4da580 at /build/buildd/openjdk-7-7u51-2.4.4/build/openjdk/hotspot/src/share/vm/prims/jvm.cpp:1244
Event: 12.309 Thread 0x67031800 Threw 0x9e51b7d8 at /build/buildd/openjdk-7-7u51-2.4.4/build/openjdk/hotspot/src/share/vm/prims/jvm.cpp:1244

Events (10 events):
Event: 481.942 Thread 0x66c0a400 Thread added: 0x66c0a400
Event: 481.942 Thread 0x66c0a800 Thread added: 0x66c0a800
Event: 482.154 loading class 0x66755da0
Event: 482.154 loading class 0x66755da0 done
Event: 482.154 loading class 0x66757508
Event: 482.155 loading class 0x66757508 done
Event: 483.563 Executing VM operation: RevokeBias
Event: 483.563 Executing VM operation: RevokeBias done
Event: 483.563 Thread 0x66c0a400 Thread exited: 0x66c0a400
Event: 483.563 Thread 0x66c0a800 Thread exited: 0x66c0a800


Dynamic libraries:
08048000-08049000 r-xp 00000000 08:15 7743719    /usr/lib/jvm/java-7-openjdk-i386/jre/bin/java
08049000-0804a000 r--p 00000000 08:15 7743719    /usr/lib/jvm/java-7-openjdk-i386/jre/bin/java
0804a000-0804b000 rw-p 00001000 08:15 7743719    /usr/lib/jvm/java-7-openjdk-i386/jre/bin/java
0825b000-0827c000 rw-p 00000000 00:00 0          [heap]
65000000-65083000 rw-p 00000000 00:00 0 
65083000-65100000 ---p 00000000 00:00 0 
6519a000-6519d000 ---p 00000000 00:00 0 
6519d000-651eb000 rw-p 00000000 00:00 0          [stack:10461]
651eb000-651ee000 ---p 00000000 00:00 0 
651ee000-6523c000 rw-p 00000000 00:00 0          [stack:10458]
6523c000-6544b000 rw-s 00000000 00:04 14516249   /SYSV00000000 (deleted)
6544b000-6544e000 ---p 00000000 00:00 0 
6544e000-6549c000 rw-p 00000000 00:00 0 
6549c000-6549f000 ---p 00000000 00:00 0 
6549f000-654ed000 rw-p 00000000 00:00 0 
654ed000-654fe000 r-xp 00000000 08:15 7867227    /usr/lib/jvm/java-7-openjdk-i386/jre/lib/i386/libnio.so
654fe000-654ff000 r--p 00010000 08:15 7867227    /usr/lib/jvm/java-7-openjdk-i386/jre/lib/i386/libnio.so
654ff000-65500000 rw-p 00011000 08:15 7867227    /usr/lib/jvm/java-7-openjdk-i386/jre/lib/i386/libnio.so
65500000-65563000 rw-p 00000000 00:00 0 
65563000-65600000 ---p 00000000 00:00 0 
6560a000-6560f000 r-xp 00000000 08:15 3933183    /lib/i386-linux-gnu/libnss_dns-2.17.so
6560f000-65610000 r--p 00004000 08:15 3933183    /lib/i386-linux-gnu/libnss_dns-2.17.so
65610000-65611000 rw-p 00005000 08:15 3933183    /lib/i386-linux-gnu/libnss_dns-2.17.so
65611000-65628000 r-xp 00000000 08:15 7867235    /usr/lib/jvm/java-7-openjdk-i386/jre/lib/i386/libnet.so
65628000-65629000 r--p 00016000 08:15 7867235    /usr/lib/jvm/java-7-openjdk-i386/jre/lib/i386/libnet.so
65629000-6562a000 rw-p 00017000 08:15 7867235    /usr/lib/jvm/java-7-openjdk-i386/jre/lib/i386/libnet.so
6562a000-65679000 r-xp 00000000 08:15 7867241    /usr/lib/jvm/java-7-openjdk-i386/jre/lib/i386/libfontmanager.so
65679000-6567b000 r--p 0004e000 08:15 7867241    /usr/lib/jvm/java-7-openjdk-i386/jre/lib/i386/libfontmanager.so
6567b000-6567c000 rw-p 00050000 08:15 7867241    /usr/lib/jvm/java-7-openjdk-i386/jre/lib/i386/libfontmanager.so
6567c000-6567f000 ---p 00000000 00:00 0 
6567f000-656cd000 rw-p 00000000 00:00 0          [stack:10452]
656cd000-656d0000 ---p 00000000 00:00 0 
656d0000-6571e000 rw-p 00000000 00:00 0          [stack:10451]
6571e000-65721000 r-xp 00000000 08:15 3933140    /lib/i386-linux-gnu/libgpg-error.so.0.10.0
65721000-65722000 r--p 00002000 08:15 3933140    /lib/i386-linux-gnu/libgpg-error.so.0.10.0
65722000-65723000 rw-p 00003000 08:15 3933140    /lib/i386-linux-gnu/libgpg-error.so.0.10.0
65723000-6573b000 r-xp 00000000 08:15 7214714    /usr/lib/i386-linux-gnu/libgraphite2.so.3.0.1
6573b000-6573c000 ---p 00018000 08:15 7214714    /usr/lib/i386-linux-gnu/libgraphite2.so.3.0.1
6573c000-6573d000 r--p 00018000 08:15 7214714    /usr/lib/i386-linux-gnu/libgraphite2.so.3.0.1
6573d000-6573e000 rw-p 00019000 08:15 7214714    /usr/lib/i386-linux-gnu/libgraphite2.so.3.0.1
6573e000-65787000 r-xp 00000000 08:15 3933121    /lib/i386-linux-gnu/libdbus-1.so.3.7.4
65787000-65788000 r--p 00048000 08:15 3933121    /lib/i386-linux-gnu/libdbus-1.so.3.7.4
65788000-65789000 rw-p 00049000 08:15 3933121    /lib/i386-linux-gnu/libdbus-1.so.3.7.4
65789000-657a5000 r-xp 00000000 08:15 7214988    /usr/lib/i386-linux-gnu/libp11-kit.so.0.0.0
657a5000-657a6000 ---p 0001c000 08:15 7214988    /usr/lib/i386-linux-gnu/libp11-kit.so.0.0.0
657a6000-657a7000 r--p 0001c000 08:15 7214988    /usr/lib/i386-linux-gnu/libp11-kit.so.0.0.0
657a7000-657a8000 rw-p 0001d000 08:15 7214988    /usr/lib/i386-linux-gnu/libp11-kit.so.0.0.0
657a8000-657b8000 r-xp 00000000 08:15 7215142    /usr/lib/i386-linux-gnu/libtasn1.so.3.2.0
657b8000-657b9000 r--p 0000f000 08:15 7215142    /usr/lib/i386-linux-gnu/libtasn1.so.3.2.0
657b9000-657ba000 rw-p 00010000 08:15 7215142    /usr/lib/i386-linux-gnu/libtasn1.so.3.2.0
657ba000-6583b000 r-xp 00000000 08:15 3933136    /lib/i386-linux-gnu/libgcrypt.so.11.7.0
6583b000-6583c000 r--p 00081000 08:15 3933136    /lib/i386-linux-gnu/libgcrypt.so.11.7.0
6583c000-6583e000 rw-p 00082000 08:15 3933136    /lib/i386-linux-gnu/libgcrypt.so.11.7.0
6583e000-65845000 r-xp 00000000 08:15 7214887    /usr/lib/i386-linux-gnu/libkrb5support.so.0.1
65845000-65846000 r--p 00006000 08:15 7214887    /usr/lib/i386-linux-gnu/libkrb5support.so.0.1
65846000-65847000 rw-p 00007000 08:15 7214887    /usr/lib/i386-linux-gnu/libkrb5support.so.0.1
65847000-6584a000 r-xp 00000000 08:15 3933116    /lib/i386-linux-gnu/libcom_err.so.2.1
6584a000-6584b000 r--p 00002000 08:15 3933116    /lib/i386-linux-gnu/libcom_err.so.2.1
6584b000-6584c000 rw-p 00003000 08:15 3933116    /lib/i386-linux-gnu/libcom_err.so.2.1
6584c000-65872000 r-xp 00000000 08:15 7214881    /usr/lib/i386-linux-gnu/libk5crypto.so.3.1
65872000-65873000 r--p 00025000 08:15 7214881    /usr/lib/i386-linux-gnu/libk5crypto.so.3.1
65873000-65874000 rw-p 00026000 08:15 7214881    /usr/lib/i386-linux-gnu/libk5crypto.so.3.1
65874000-6593c000 r-xp 00000000 08:15 7214885    /usr/lib/i386-linux-gnu/libkrb5.so.3.3
6593c000-65942000 r--p 000c7000 08:15 7214885    /usr/lib/i386-linux-gnu/libkrb5.so.3.3
65942000-65943000 rw-p 000cd000 08:15 7214885    /usr/lib/i386-linux-gnu/libkrb5.so.3.3
65943000-65949000 r-xp 00000000 08:15 7214506    /usr/lib/i386-linux-gnu/libdatrie.so.1.2.0
65949000-6594a000 r--p 00006000 08:15 7214506    /usr/lib/i386-linux-gnu/libdatrie.so.1.2.0
6594a000-6594b000 rw-p 00007000 08:15 7214506    /usr/lib/i386-linux-gnu/libdatrie.so.1.2.0
6594b000-6599c000 r-xp 00000000 08:15 7214822    /usr/lib/i386-linux-gnu/libharfbuzz.so.0.919.0
6599c000-6599d000 r--p 00051000 08:15 7214822    /usr/lib/i386-linux-gnu/libharfbuzz.so.0.919.0
6599d000-6599e000 rw-p 00052000 08:15 7214822    /usr/lib/i386-linux-gnu/libharfbuzz.so.0.919.0
6599e000-659a6000 r-xp 00000000 08:15 7215255    /usr/lib/i386-linux-gnu/libxcb-render.so.0.0.0
659a6000-659a7000 r--p 00008000 08:15 7215255    /usr/lib/i386-linux-gnu/libxcb-render.so.0.0.0
659a7000-659a8000 rw-p 00009000 08:15 7215255    /usr/lib/i386-linux-gnu/libxcb-render.so.0.0.0
659a8000-659ce000 r-xp 00000000 08:15 3933219    /lib/i386-linux-gnu/libpng12.so.0.49.0
659ce000-659cf000 r--p 00025000 08:15 3933219    /lib/i386-linux-gnu/libpng12.so.0.49.0
659cf000-659d0000 rw-p 00026000 08:15 3933219    /lib/i386-linux-gnu/libpng12.so.0.49.0
659d0000-65a74000 r-xp 00000000 08:15 7215439    /usr/lib/i386-linux-gnu/libpixman-1.so.0.30.2
65a74000-65a79000 r--p 000a4000 08:15 7215439    /usr/lib/i386-linux-gnu/libpixman-1.so.0.30.2
65a79000-65a7a000 rw-p 000a9000 08:15 7215439    /usr/lib/i386-linux-gnu/libpixman-1.so.0.30.2
65a7a000-65b3b000 r-xp 00000000 08:15 7214690    /usr/lib/i386-linux-gnu/libgnutls.so.26.22.6
65b3b000-65b3f000 r--p 000c0000 08:15 7214690    /usr/lib/i386-linux-gnu/libgnutls.so.26.22.6
65b3f000-65b40000 rw-p 000c4000 08:15 7214690    /usr/lib/i386-linux-gnu/libgnutls.so.26.22.6
65b40000-65b7b000 r-xp 00000000 08:15 7214720    /usr/lib/i386-linux-gnu/libgssapi_krb5.so.2.2
65b7b000-65b7c000 r--p 0003a000 08:15 7214720    /usr/lib/i386-linux-gnu/libgssapi_krb5.so.2.2
65b7c000-65b7d000 rw-p 0003b000 08:15 7214720    /usr/lib/i386-linux-gnu/libgssapi_krb5.so.2.2
65b7d000-65bbc000 r-xp 00000000 08:15 3933207    /lib/i386-linux-gnu/libpcre.so.3.13.1
65bbc000-65bbd000 r--p 0003f000 08:15 3933207    /lib/i386-linux-gnu/libpcre.so.3.13.1
65bbd000-65bbe000 rw-p 00040000 08:15 3933207    /lib/i386-linux-gnu/libpcre.so.3.13.1
65bbe000-65c58000 r-xp 00000000 08:15 7214607    /usr/lib/i386-linux-gnu/libfreetype.so.6.10.1
65c58000-65c5c000 r--p 00099000 08:15 7214607    /usr/lib/i386-linux-gnu/libfreetype.so.6.10.1
65c5c000-65c5d000 rw-p 0009d000 08:15 7214607    /usr/lib/i386-linux-gnu/libfreetype.so.6.10.1
65c5d000-65d7a000 r-xp 00000000 08:15 7214437    /usr/lib/i386-linux-gnu/libcairo.so.2.11200.16
65d7a000-65d7c000 r--p 0011d000 08:15 7214437    /usr/lib/i386-linux-gnu/libcairo.so.2.11200.16
65d7c000-65d7d000 rw-p 0011f000 08:15 7214437    /usr/lib/i386-linux-gnu/libcairo.so.2.11200.16
65d7d000-65d7e000 rw-p 00000000 00:00 0 
65d7e000-65e80000 r-xp 00000000 08:15 3933245    /lib/i386-linux-gnu/libglib-2.0.so.0.3800.1
65e80000-65e81000 r--p 00101000 08:15 3933245    /lib/i386-linux-gnu/libglib-2.0.so.0.3800.1
65e81000-65e82000 rw-p 00102000 08:15 3933245    /lib/i386-linux-gnu/libglib-2.0.so.0.3800.1
65e82000-65fee000 r-xp 00000000 08:15 7213465    /usr/lib/i386-linux-gnu/libgio-2.0.so.0.3800.1
65fee000-65fef000 ---p 0016c000 08:15 7213465    /usr/lib/i386-linux-gnu/libgio-2.0.so.0.3800.1
65fef000-65ff1000 r--p 0016c000 08:15 7213465    /usr/lib/i386-linux-gnu/libgio-2.0.so.0.3800.1
65ff1000-65ff2000 rw-p 0016e000 08:15 7213465    /usr/lib/i386-linux-gnu/libgio-2.0.so.0.3800.1
65ff2000-65ff3000 rw-p 00000000 00:00 0 
65ff3000-6609e000 r-xp 00000000 08:15 7214644    /usr/lib/i386-linux-gnu/libgdk-x11-2.0.so.0.2400.20
6609e000-660a0000 r--p 000ab000 08:15 7214644    /usr/lib/i386-linux-gnu/libgdk-x11-2.0.so.0.2400.20
660a0000-660a1000 rw-p 000ad000 08:15 7214644    /usr/lib/i386-linux-gnu/libgdk-x11-2.0.so.0.2400.20
660a1000-66508000 r-xp 00000000 08:15 7214804    /usr/lib/i386-linux-gnu/libgtk-x11-2.0.so.0.2400.20
66508000-6650c000 r--p 00466000 08:15 7214804    /usr/lib/i386-linux-gnu/libgtk-x11-2.0.so.0.2400.20
6650c000-6650e000 rw-p 0046a000 08:15 7214804    /usr/lib/i386-linux-gnu/libgtk-x11-2.0.so.0.2400.20
6650e000-66510000 rw-p 00000000 00:00 0 
66510000-66640000 r-xp 00000000 08:15 7214313    /usr/lib/i386-linux-gnu/libX11.so.6.3.0
66640000-66641000 ---p 00130000 08:15 7214313    /usr/lib/i386-linux-gnu/libX11.so.6.3.0
66641000-66642000 r--p 00130000 08:15 7214313    /usr/lib/i386-linux-gnu/libX11.so.6.3.0
66642000-66644000 rw-p 00131000 08:15 7214313    /usr/lib/i386-linux-gnu/libX11.so.6.3.0
66644000-66645000 rw-p 00000000 00:00 0 
66645000-666d4000 r-xp 00000000 08:15 7867216    /usr/lib/jvm/java-7-openjdk-i386/jre/lib/i386/libawt.so
666d4000-666d5000 r--p 0008e000 08:15 7867216    /usr/lib/jvm/java-7-openjdk-i386/jre/lib/i386/libawt.so
666d5000-666dc000 rw-p 0008f000 08:15 7867216    /usr/lib/jvm/java-7-openjdk-i386/jre/lib/i386/libawt.so
666dc000-66700000 rw-p 00000000 00:00 0 
66700000-667fc000 rw-p 00000000 00:00 0 
667fc000-66800000 ---p 00000000 00:00 0 
66801000-66811000 r-xp 00000000 08:15 7213267    /usr/lib/i386-linux-gnu/libavahi-client.so.3.2.9
66811000-66812000 r--p 0000f000 08:15 7213267    /usr/lib/i386-linux-gnu/libavahi-client.so.3.2.9
66812000-66813000 rw-p 00010000 08:15 7213267    /usr/lib/i386-linux-gnu/libavahi-client.so.3.2.9
66813000-6687a000 r-xp 00000000 08:15 7210720    /usr/lib/i386-linux-gnu/libcups.so.2
6687a000-6687e000 r--p 00067000 08:15 7210720    /usr/lib/i386-linux-gnu/libcups.so.2
6687e000-6687f000 rw-p 0006b000 08:15 7210720    /usr/lib/i386-linux-gnu/libcups.so.2
6687f000-66880000 ---p 00000000 00:00 0 
66880000-66900000 rw-p 00000000 00:00 0          [stack:10450]
66900000-669f9000 rw-p 00000000 00:00 0 
669f9000-66a00000 ---p 00000000 00:00 0 
66a00000-66a02000 r-xp 00000000 08:15 3933152    /lib/i386-linux-gnu/libkeyutils.so.1.4
66a02000-66a03000 r--p 00002000 08:15 3933152    /lib/i386-linux-gnu/libkeyutils.so.1.4
66a03000-66a04000 rw-p 00003000 08:15 3933152    /lib/i386-linux-gnu/libkeyutils.so.1.4
66a04000-66a29000 r-xp 00000000 08:15 3933129    /lib/i386-linux-gnu/libexpat.so.1.6.0
66a29000-66a2a000 ---p 00025000 08:15 3933129    /lib/i386-linux-gnu/libexpat.so.1.6.0
66a2a000-66a2c000 r--p 00025000 08:15 3933129    /lib/i386-linux-gnu/libexpat.so.1.6.0
66a2c000-66a2d000 rw-p 00027000 08:15 3933129    /lib/i386-linux-gnu/libexpat.so.1.6.0
66a2d000-66a7d000 r-xp 00000000 08:15 7209364    /usr/lib/i386-linux-gnu/libgobject-2.0.so.0.3800.1
66a7d000-66a7e000 r--p 0004f000 08:15 7209364    /usr/lib/i386-linux-gnu/libgobject-2.0.so.0.3800.1
66a7e000-66a7f000 rw-p 00050000 08:15 7209364    /usr/lib/i386-linux-gnu/libgobject-2.0.so.0.3800.1
66a7f000-66a82000 ---p 00000000 00:00 0 
66a82000-66b00000 rw-p 00000000 00:00 0          [stack:10448]
66b00000-66bfa000 rw-p 00000000 00:00 0 
66bfa000-66c00000 ---p 00000000 00:00 0 
66c00000-66c21000 rw-p 00000000 00:00 0 
66c21000-66d00000 ---p 00000000 00:00 0 
66d01000-66d03000 r-xp 00000000 08:15 7215259    /usr/lib/i386-linux-gnu/libxcb-shm.so.0.0.0
66d03000-66d04000 r--p 00001000 08:15 7215259    /usr/lib/i386-linux-gnu/libxcb-shm.so.0.0.0
66d04000-66d05000 rw-p 00002000 08:15 7215259    /usr/lib/i386-linux-gnu/libxcb-shm.so.0.0.0
66d05000-66d0a000 r-xp 00000000 08:15 7214328    /usr/lib/i386-linux-gnu/libXdmcp.so.6.0.0
66d0a000-66d0b000 r--p 00004000 08:15 7214328    /usr/lib/i386-linux-gnu/libXdmcp.so.6.0.0
66d0b000-66d0c000 rw-p 00005000 08:15 7214328    /usr/lib/i386-linux-gnu/libXdmcp.so.6.0.0
66d0c000-66d1f000 r-xp 00000000 08:15 3933230    /lib/i386-linux-gnu/libresolv-2.17.so
66d1f000-66d20000 r--p 00013000 08:15 3933230    /lib/i386-linux-gnu/libresolv-2.17.so
66d20000-66d21000 rw-p 00014000 08:15 3933230    /lib/i386-linux-gnu/libresolv-2.17.so
66d21000-66d23000 rw-p 00000000 00:00 0 
66d23000-66d43000 r-xp 00000000 08:15 3933234    /lib/i386-linux-gnu/libselinux.so.1
66d43000-66d44000 r--p 0001f000 08:15 3933234    /lib/i386-linux-gnu/libselinux.so.1
66d44000-66d45000 rw-p 00020000 08:15 3933234    /lib/i386-linux-gnu/libselinux.so.1
66d45000-66d7d000 r-xp 00000000 08:15 7214579    /usr/lib/i386-linux-gnu/libfontconfig.so.1.7.0
66d7d000-66d7e000 r--p 00038000 08:15 7214579    /usr/lib/i386-linux-gnu/libfontconfig.so.1.7.0
66d7e000-66d7f000 rw-p 00039000 08:15 7214579    /usr/lib/i386-linux-gnu/libfontconfig.so.1.7.0
66d7f000-66d82000 ---p 00000000 00:00 0 
66d82000-66e00000 rw-p 00000000 00:00 0          [stack:10447]
66e00000-67000000 r--p 00000000 08:15 7217143    /usr/lib/locale/locale-archive
67000000-67044000 rw-p 00000000 00:00 0 
67044000-67100000 ---p 00000000 00:00 0 
67100000-67121000 rw-p 00000000 00:00 0 
67121000-67200000 ---p 00000000 00:00 0 
67200000-672f2000 rw-p 00000000 00:00 0 
672f2000-67300000 ---p 00000000 00:00 0 
67300000-67321000 rw-p 00000000 00:00 0 
67321000-67400000 ---p 00000000 00:00 0 
67400000-674f9000 rw-p 00000000 00:00 0 
674f9000-67500000 ---p 00000000 00:00 0 
67500000-67502000 r-xp 00000000 08:15 7214317    /usr/lib/i386-linux-gnu/libXau.so.6.0.0
67502000-67503000 r--p 00001000 08:15 7214317    /usr/lib/i386-linux-gnu/libXau.so.6.0.0
67503000-67504000 rw-p 00002000 08:15 7214317    /usr/lib/i386-linux-gnu/libXau.so.6.0.0
67504000-6754e000 r-xp 00000000 08:15 7214996    /usr/lib/i386-linux-gnu/libpango-1.0.so.0.3200.5
6754e000-6754f000 ---p 0004a000 08:15 7214996    /usr/lib/i386-linux-gnu/libpango-1.0.so.0.3200.5
6754f000-67550000 r--p 0004a000 08:15 7214996    /usr/lib/i386-linux-gnu/libpango-1.0.so.0.3200.5
67550000-67551000 rw-p 0004b000 08:15 7214996    /usr/lib/i386-linux-gnu/libpango-1.0.so.0.3200.5
67551000-67552000 ---p 00000000 00:00 0 
67552000-675d2000 rw-p 00000000 00:00 0          [stack:10443]
675d2000-67780000 r--s 01cf4000 08:15 7743745    /usr/lib/jvm/java-7-openjdk-i386/jre/lib/rt.jar
67780000-6a000000 rw-p 00000000 00:00 0 
6a000000-6a026000 rw-p 00000000 00:00 0 
6a026000-6a100000 ---p 00000000 00:00 0 
6a100000-6a10c000 r-xp 00000000 08:15 7209407    /usr/lib/i386-linux-gnu/libavahi-common.so.3.5.3
6a10c000-6a10d000 r--p 0000b000 08:15 7209407    /usr/lib/i386-linux-gnu/libavahi-common.so.3.5.3
6a10d000-6a10e000 rw-p 0000c000 08:15 7209407    /usr/lib/i386-linux-gnu/libavahi-common.so.3.5.3
6a10e000-6a113000 r-xp 00000000 08:15 7214565    /usr/lib/i386-linux-gnu/libffi.so.6.0.1
6a113000-6a114000 r--p 00005000 08:15 7214565    /usr/lib/i386-linux-gnu/libffi.so.6.0.1
6a114000-6a115000 rw-p 00006000 08:15 7214565    /usr/lib/i386-linux-gnu/libffi.so.6.0.1
6a115000-6a128000 r-xp 00000000 08:15 7215000    /usr/lib/i386-linux-gnu/libpangoft2-1.0.so.0.3200.5
6a128000-6a129000 r--p 00013000 08:15 7215000    /usr/lib/i386-linux-gnu/libpangoft2-1.0.so.0.3200.5
6a129000-6a12a000 rw-p 00014000 08:15 7215000    /usr/lib/i386-linux-gnu/libpangoft2-1.0.so.0.3200.5
6a12a000-6a17b000 r-xp 00000000 08:15 7866373    /usr/lib/jvm/java-7-openjdk-i386/jre/lib/i386/xawt/libmawt.so
6a17b000-6a17c000 r--p 00050000 08:15 7866373    /usr/lib/jvm/java-7-openjdk-i386/jre/lib/i386/xawt/libmawt.so
6a17c000-6a17e000 rw-p 00051000 08:15 7866373    /usr/lib/jvm/java-7-openjdk-i386/jre/lib/i386/xawt/libmawt.so
6a17e000-6a17f000 rw-p 00000000 00:00 0 
6a17f000-6a180000 ---p 00000000 00:00 0 
6a180000-6a200000 rw-p 00000000 00:00 0          [stack:10442]
6a200000-6a221000 rw-p 00000000 00:00 0 
6a221000-6a300000 ---p 00000000 00:00 0 
6a303000-6a30b000 r-xp 00000000 08:15 7215154    /usr/lib/i386-linux-gnu/libthai.so.0.2.0
6a30b000-6a30c000 r--p 00007000 08:15 7215154    /usr/lib/i386-linux-gnu/libthai.so.0.2.0
6a30c000-6a30d000 rw-p 00008000 08:15 7215154    /usr/lib/i386-linux-gnu/libthai.so.0.2.0
6a30d000-6a32b000 r-xp 00000000 08:15 7214397    /usr/lib/i386-linux-gnu/libatk-1.0.so.0.21009.1
6a32b000-6a32d000 r--p 0001d000 08:15 7214397    /usr/lib/i386-linux-gnu/libatk-1.0.so.0.21009.1
6a32d000-6a32e000 rw-p 0001f000 08:15 7214397    /usr/lib/i386-linux-gnu/libatk-1.0.so.0.21009.1
6a32e000-6a331000 ---p 00000000 00:00 0 
6a331000-6a37f000 rw-p 00000000 00:00 0          [stack:10449]
6a37f000-6a380000 ---p 00000000 00:00 0 
6a380000-6a400000 rw-p 00000000 00:00 0          [stack:10441]
6a400000-6a421000 rw-p 00000000 00:00 0 
6a421000-6a500000 ---p 00000000 00:00 0 
6a502000-6a50b000 r-xp 00000000 08:15 7214324    /usr/lib/i386-linux-gnu/libXcursor.so.1.0.2
6a50b000-6a50c000 r--p 00008000 08:15 7214324    /usr/lib/i386-linux-gnu/libXcursor.so.1.0.2
6a50c000-6a50d000 rw-p 00009000 08:15 7214324    /usr/lib/i386-linux-gnu/libXcursor.so.1.0.2
6a50d000-6a52c000 r-xp 00000000 08:15 7215267    /usr/lib/i386-linux-gnu/libxcb.so.1.1.0
6a52c000-6a52d000 r--p 0001f000 08:15 7215267    /usr/lib/i386-linux-gnu/libxcb.so.1.1.0
6a52d000-6a52e000 rw-p 00020000 08:15 7215267    /usr/lib/i386-linux-gnu/libxcb.so.1.1.0
6a52e000-6a531000 ---p 00000000 00:00 0 
6a531000-6a57f000 rw-p 00000000 00:00 0          [stack:10446]
6a57f000-6a580000 ---p 00000000 00:00 0 
6a580000-6a600000 rw-p 00000000 00:00 0          [stack:10440]
6a600000-6a621000 rw-p 00000000 00:00 0 
6a621000-6a700000 ---p 00000000 00:00 0 
6a700000-6a709000 r-xp 00000000 08:15 7214350    /usr/lib/i386-linux-gnu/libXrandr.so.2.2.0
6a709000-6a70a000 r--p 00008000 08:15 7214350    /usr/lib/i386-linux-gnu/libXrandr.so.2.2.0
6a70a000-6a70b000 rw-p 00009000 08:15 7214350    /usr/lib/i386-linux-gnu/libXrandr.so.2.2.0
6a70b000-6a72c000 r-xp 00000000 08:15 7214646    /usr/lib/i386-linux-gnu/libgdk_pixbuf-2.0.so.0.2800.1
6a72c000-6a72d000 r--p 00020000 08:15 7214646    /usr/lib/i386-linux-gnu/libgdk_pixbuf-2.0.so.0.2800.1
6a72d000-6a72e000 rw-p 00021000 08:15 7214646    /usr/lib/i386-linux-gnu/libgdk_pixbuf-2.0.so.0.2800.1
6a72e000-6a731000 ---p 00000000 00:00 0 
6a731000-6a77f000 rw-p 00000000 00:00 0          [stack:10445]
6a77f000-6a780000 ---p 00000000 00:00 0 
6a780000-6a800000 rw-p 00000000 00:00 0          [stack:10439]
6a800000-6a821000 rw-p 00000000 00:00 0 
6a821000-6a900000 ---p 00000000 00:00 0 
6a902000-6a904000 r-xp 00000000 08:15 7214326    /usr/lib/i386-linux-gnu/libXdamage.so.1.1.0
6a904000-6a905000 r--p 00001000 08:15 7214326    /usr/lib/i386-linux-gnu/libXdamage.so.1.1.0
6a905000-6a906000 rw-p 00002000 08:15 7214326    /usr/lib/i386-linux-gnu/libXdamage.so.1.1.0
6a906000-6a908000 r-xp 00000000 08:15 7214322    /usr/lib/i386-linux-gnu/libXcomposite.so.1.0.0
6a908000-6a909000 r--p 00001000 08:15 7214322    /usr/lib/i386-linux-gnu/libXcomposite.so.1.0.0
6a909000-6a90a000 rw-p 00002000 08:15 7214322    /usr/lib/i386-linux-gnu/libXcomposite.so.1.0.0
6a90a000-6a90e000 r-xp 00000000 08:15 7214332    /usr/lib/i386-linux-gnu/libXfixes.so.3.1.0
6a90e000-6a90f000 r--p 00003000 08:15 7214332    /usr/lib/i386-linux-gnu/libXfixes.so.3.1.0
6a90f000-6a910000 rw-p 00004000 08:15 7214332    /usr/lib/i386-linux-gnu/libXfixes.so.3.1.0
6a910000-6a91b000 r-xp 00000000 08:15 7214998    /usr/lib/i386-linux-gnu/libpangocairo-1.0.so.0.3200.5
6a91b000-6a91c000 r--p 0000a000 08:15 7214998    /usr/lib/i386-linux-gnu/libpangocairo-1.0.so.0.3200.5
6a91c000-6a91d000 rw-p 0000b000 08:15 7214998    /usr/lib/i386-linux-gnu/libpangocairo-1.0.so.0.3200.5
6a91d000-6a92c000 r-xp 00000000 08:15 7214338    /usr/lib/i386-linux-gnu/libXi.so.6.1.0
6a92c000-6a92d000 r--p 0000e000 08:15 7214338    /usr/lib/i386-linux-gnu/libXi.so.6.1.0
6a92d000-6a92e000 rw-p 0000f000 08:15 7214338    /usr/lib/i386-linux-gnu/libXi.so.6.1.0
6a92e000-6a931000 ---p 00000000 00:00 0 
6a931000-6a97f000 rw-p 00000000 00:00 0          [stack:10444]
6a97f000-6a980000 ---p 00000000 00:00 0 
6a980000-6aa00000 rw-p 00000000 00:00 0          [stack:10438]
6aa00000-6aa21000 rw-p 00000000 00:00 0 
6aa21000-6ab00000 ---p 00000000 00:00 0 
6ab00000-6ab21000 rw-p 00000000 00:00 0 
6ab21000-6ac00000 ---p 00000000 00:00 0 
6ac01000-6ac03000 r-xp 00000000 08:15 7214340    /usr/lib/i386-linux-gnu/libXinerama.so.1.0.0
6ac03000-6ac04000 r--p 00001000 08:15 7214340    /usr/lib/i386-linux-gnu/libXinerama.so.1.0.0
6ac04000-6ac05000 rw-p 00002000 08:15 7214340    /usr/lib/i386-linux-gnu/libXinerama.so.1.0.0
6ac05000-6ac08000 r-xp 00000000 08:15 7209345    /usr/lib/i386-linux-gnu/libgmodule-2.0.so.0.3800.1
6ac08000-6ac09000 r--p 00002000 08:15 7209345    /usr/lib/i386-linux-gnu/libgmodule-2.0.so.0.3800.1
6ac09000-6ac0a000 rw-p 00003000 08:15 7209345    /usr/lib/i386-linux-gnu/libgmodule-2.0.so.0.3800.1
6ac0a000-6ac0f000 r-xp 00000000 08:15 7214356    /usr/lib/i386-linux-gnu/libXtst.so.6.1.0
6ac0f000-6ac10000 r--p 00004000 08:15 7214356    /usr/lib/i386-linux-gnu/libXtst.so.6.1.0
6ac10000-6ac11000 rw-p 00005000 08:15 7214356    /usr/lib/i386-linux-gnu/libXtst.so.6.1.0
6ac11000-6ac22000 r-xp 00000000 08:15 7214330    /usr/lib/i386-linux-gnu/libXext.so.6.4.0
6ac22000-6ac23000 r--p 00010000 08:15 7214330    /usr/lib/i386-linux-gnu/libXext.so.6.4.0
6ac23000-6ac24000 rw-p 00011000 08:15 7214330    /usr/lib/i386-linux-gnu/libXext.so.6.4.0
6ac29000-6ac2b000 r-xp 00000000 08:15 3932199    /lib/libnss_mdns4_minimal.so.2
6ac2b000-6ac2c000 r--p 00001000 08:15 3932199    /lib/libnss_mdns4_minimal.so.2
6ac2c000-6ac2d000 rw-p 00002000 08:15 3932199    /lib/libnss_mdns4_minimal.so.2
6ac2d000-6ac37000 r--s 000b8000 08:15 7743743    /usr/lib/jvm/java-7-openjdk-i386/jre/lib/resources.jar
6ac37000-6ac7f000 rw-p 00000000 00:00 0 
6ac7f000-6ac80000 ---p 00000000 00:00 0 
6ac80000-6ad00000 rw-p 00000000 00:00 0          [stack:10437]
6ad00000-6ad21000 rw-p 00000000 00:00 0 
6ad21000-6ae00000 ---p 00000000 00:00 0 
6ae01000-6ae0a000 r-xp 00000000 08:15 7214352    /usr/lib/i386-linux-gnu/libXrender.so.1.3.0
6ae0a000-6ae0b000 r--p 00008000 08:15 7214352    /usr/lib/i386-linux-gnu/libXrender.so.1.3.0
6ae0b000-6ae0c000 rw-p 00009000 08:15 7214352    /usr/lib/i386-linux-gnu/libXrender.so.1.3.0
6ae0c000-6ae67000 rw-p 00000000 00:00 0 
6ae67000-6ae68000 ---p 00000000 00:00 0 
6ae68000-6aee8000 rw-p 00000000 00:00 0          [stack:10436]
6aee8000-6aee9000 ---p 00000000 00:00 0 
6aee9000-6af71000 rw-p 00000000 00:00 0          [stack:10435]
6af71000-6afa9000 rw-p 00000000 00:00 0 
6afa9000-6afbf000 rw-p 00000000 00:00 0 
6afbf000-6b0ff000 rw-p 00000000 00:00 0 
6b0ff000-6b107000 rw-p 00000000 00:00 0 
6b107000-6b13f000 rw-p 00000000 00:00 0 
6b13f000-6b155000 rw-p 00000000 00:00 0 
6b155000-6b294000 rw-p 00000000 00:00 0 
6b294000-6b29f000 rw-p 00000000 00:00 0 
6b29f000-6b33f000 rw-p 00000000 00:00 0 
6b33f000-6c340000 rw-p 00000000 00:00 0 
6c340000-73340000 rw-p 00000000 00:00 0 
73340000-75dc0000 rw-p 00000000 00:00 0 
75dc0000-9ddc0000 rw-p 00000000 00:00 0 
9ddc0000-9f340000 rw-p 00000000 00:00 0 
9f340000-b3340000 rw-p 00000000 00:00 0 
b3340000-b3349000 rw-p 00000000 00:00 0 
b3349000-b3400000 rw-p 00000000 00:00 0 
b3400000-b3640000 rwxp 00000000 00:00 0 
b3640000-b64fd000 rw-p 00000000 00:00 0 
b64fd000-b6500000 ---p 00000000 00:00 0 
b6502000-b6503000 r-xp 00000000 08:15 7213463    /usr/lib/i386-linux-gnu/libgthread-2.0.so.0.3800.1
b6503000-b6504000 r--p 00000000 08:15 7213463    /usr/lib/i386-linux-gnu/libgthread-2.0.so.0.3800.1
b6504000-b6505000 rw-p 00001000 08:15 7213463    /usr/lib/i386-linux-gnu/libgthread-2.0.so.0.3800.1
b6505000-b6509000 r--s 00085000 08:15 7867255    /usr/lib/jvm/java-7-openjdk-i386/jre/lib/ext/localedata.jar
b6509000-b650c000 r--s 00032000 08:15 7867259    /usr/lib/jvm/java-7-openjdk-i386/jre/lib/ext/sunjce_provider.jar
b650c000-b650e000 r--s 00012000 08:15 7867257    /usr/lib/jvm/java-7-openjdk-i386/jre/lib/ext/zipfs.jar
b650e000-b6512000 r--s 0003b000 08:15 7867261    /usr/lib/jvm/java-7-openjdk-i386/jre/lib/ext/sunpkcs11.jar
b6512000-b6514000 r--s 00006000 08:15 7607477    /usr/share/java/java-atk-wrapper.jar
b6514000-b6517000 r--s 0000f000 08:15 7867253    /usr/lib/jvm/java-7-openjdk-i386/jre/lib/ext/pulse-java.jar
b6517000-b6532000 rw-p 00000000 00:00 0 
b6532000-b653d000 r-xp 00000000 08:15 3933185    /lib/i386-linux-gnu/libnss_files-2.17.so
b653d000-b653e000 r--p 0000a000 08:15 3933185    /lib/i386-linux-gnu/libnss_files-2.17.so
b653e000-b653f000 rw-p 0000b000 08:15 3933185    /lib/i386-linux-gnu/libnss_files-2.17.so
b653f000-b6549000 r-xp 00000000 08:15 3933189    /lib/i386-linux-gnu/libnss_nis-2.17.so
b6549000-b654a000 r--p 00009000 08:15 3933189    /lib/i386-linux-gnu/libnss_nis-2.17.so
b654a000-b654b000 rw-p 0000a000 08:15 3933189    /lib/i386-linux-gnu/libnss_nis-2.17.so
b654b000-b6560000 r-xp 00000000 08:15 3933179    /lib/i386-linux-gnu/libnsl-2.17.so
b6560000-b6561000 r--p 00014000 08:15 3933179    /lib/i386-linux-gnu/libnsl-2.17.so
b6561000-b6562000 rw-p 00015000 08:15 3933179    /lib/i386-linux-gnu/libnsl-2.17.so
b6562000-b6564000 rw-p 00000000 00:00 0 
b6564000-b656b000 r-xp 00000000 08:15 3933181    /lib/i386-linux-gnu/libnss_compat-2.17.so
b656b000-b656c000 r--p 00006000 08:15 3933181    /lib/i386-linux-gnu/libnss_compat-2.17.so
b656c000-b656d000 rw-p 00007000 08:15 3933181    /lib/i386-linux-gnu/libnss_compat-2.17.so
b656d000-b656e000 r--s 00002000 08:15 7867251    /usr/lib/jvm/java-7-openjdk-i386/jre/lib/ext/dnsns.jar
b656e000-b6576000 r-xp 00000000 08:15 7867230    /usr/lib/jvm/java-7-openjdk-i386/jre/lib/i386/libzip.so
b6576000-b6577000 r--p 00007000 08:15 7867230    /usr/lib/jvm/java-7-openjdk-i386/jre/lib/i386/libzip.so
b6577000-b6578000 rw-p 00008000 08:15 7867230    /usr/lib/jvm/java-7-openjdk-i386/jre/lib/i386/libzip.so
b6578000-b6580000 rw-s 00000000 08:15 12582975   /tmp/hsperfdata_moham/10428
b6580000-b65a7000 r-xp 00000000 08:15 7867217    /usr/lib/jvm/java-7-openjdk-i386/jre/lib/i386/libjava.so
b65a7000-b65a8000 r--p 00026000 08:15 7867217    /usr/lib/jvm/java-7-openjdk-i386/jre/lib/i386/libjava.so
b65a8000-b65a9000 rw-p 00027000 08:15 7867217    /usr/lib/jvm/java-7-openjdk-i386/jre/lib/i386/libjava.so
b65a9000-b65b0000 r-xp 00000000 08:15 3933232    /lib/i386-linux-gnu/librt-2.17.so
b65b0000-b65b1000 r--p 00006000 08:15 3933232    /lib/i386-linux-gnu/librt-2.17.so
b65b1000-b65b2000 rw-p 00007000 08:15 3933232    /lib/i386-linux-gnu/librt-2.17.so
b65b2000-b65b5000 ---p 00000000 00:00 0 
b65b5000-b6603000 rw-p 00000000 00:00 0          [stack:10434]
b6603000-b661e000 r-xp 00000000 08:15 3932165    /lib/i386-linux-gnu/libgcc_s.so.1
b661e000-b661f000 r--p 0001a000 08:15 3932165    /lib/i386-linux-gnu/libgcc_s.so.1
b661f000-b6620000 rw-p 0001b000 08:15 3932165    /lib/i386-linux-gnu/libgcc_s.so.1
b6620000-b6661000 r-xp 00000000 08:15 3933160    /lib/i386-linux-gnu/libm-2.17.so
b6661000-b6662000 r--p 00040000 08:15 3933160    /lib/i386-linux-gnu/libm-2.17.so
b6662000-b6663000 rw-p 00041000 08:15 3933160    /lib/i386-linux-gnu/libm-2.17.so
b6663000-b6740000 r-xp 00000000 08:15 7214697    /usr/lib/i386-linux-gnu/libstdc++.so.6.0.18
b6740000-b6744000 r--p 000dc000 08:15 7214697    /usr/lib/i386-linux-gnu/libstdc++.so.6.0.18
b6744000-b6745000 rw-p 000e0000 08:15 7214697    /usr/lib/i386-linux-gnu/libstdc++.so.6.0.18
b6745000-b674c000 rw-p 00000000 00:00 0 
b674c000-b7116000 r-xp 00000000 08:15 7867238    /usr/lib/jvm/java-7-openjdk-i386/jre/lib/i386/server/libjvm.so
b7116000-b7117000 ---p 009ca000 08:15 7867238    /usr/lib/jvm/java-7-openjdk-i386/jre/lib/i386/server/libjvm.so
b7117000-b7168000 r--p 009ca000 08:15 7867238    /usr/lib/jvm/java-7-openjdk-i386/jre/lib/i386/server/libjvm.so
b7168000-b717c000 rw-p 00a1b000 08:15 7867238    /usr/lib/jvm/java-7-openjdk-i386/jre/lib/i386/server/libjvm.so
b717c000-b759a000 rw-p 00000000 00:00 0 
b759a000-b75b2000 r-xp 00000000 08:15 3933267    /lib/i386-linux-gnu/libz.so.1.2.8
b75b2000-b75b3000 r--p 00017000 08:15 3933267    /lib/i386-linux-gnu/libz.so.1.2.8
b75b3000-b75b4000 rw-p 00018000 08:15 3933267    /lib/i386-linux-gnu/libz.so.1.2.8
b75b4000-b75cb000 r-xp 00000000 08:15 3933224    /lib/i386-linux-gnu/libpthread-2.17.so
b75cb000-b75cc000 r--p 00016000 08:15 3933224    /lib/i386-linux-gnu/libpthread-2.17.so
b75cc000-b75cd000 rw-p 00017000 08:15 3933224    /lib/i386-linux-gnu/libpthread-2.17.so
b75cd000-b75cf000 rw-p 00000000 00:00 0 
b75cf000-b75d2000 r-xp 00000000 08:15 3933124    /lib/i386-linux-gnu/libdl-2.17.so
b75d2000-b75d3000 r--p 00002000 08:15 3933124    /lib/i386-linux-gnu/libdl-2.17.so
b75d3000-b75d4000 rw-p 00003000 08:15 3933124    /lib/i386-linux-gnu/libdl-2.17.so
b75d4000-b7782000 r-xp 00000000 08:15 3933109    /lib/i386-linux-gnu/libc-2.17.so
b7782000-b7784000 r--p 001ae000 08:15 3933109    /lib/i386-linux-gnu/libc-2.17.so
b7784000-b7785000 rw-p 001b0000 08:15 3933109    /lib/i386-linux-gnu/libc-2.17.so
b7785000-b7788000 rw-p 00000000 00:00 0 
b7788000-b7789000 r--p 00855000 08:15 7217143    /usr/lib/locale/locale-archive
b7789000-b778a000 rw-p 00000000 00:00 0 
b778a000-b778b000 r--p 00000000 00:00 0 
b778b000-b7799000 r-xp 00000000 08:15 7867229    /usr/lib/jvm/java-7-openjdk-i386/jre/lib/i386/libverify.so
b7799000-b779a000 r--p 0000d000 08:15 7867229    /usr/lib/jvm/java-7-openjdk-i386/jre/lib/i386/libverify.so
b779a000-b779b000 rw-p 0000e000 08:15 7867229    /usr/lib/jvm/java-7-openjdk-i386/jre/lib/i386/libverify.so
b779b000-b77a7000 r-xp 00000000 08:15 7867219    /usr/lib/jvm/java-7-openjdk-i386/jre/lib/i386/jli/libjli.so
b77a7000-b77a8000 r--p 0000c000 08:15 7867219    /usr/lib/jvm/java-7-openjdk-i386/jre/lib/i386/jli/libjli.so
b77a8000-b77a9000 rw-p 0000d000 08:15 7867219    /usr/lib/jvm/java-7-openjdk-i386/jre/lib/i386/jli/libjli.so
b77a9000-b77ac000 rw-p 00000000 00:00 0 
b77ac000-b77ad000 r-xp 00000000 00:00 0          [vdso]
b77ad000-b77cd000 r-xp 00000000 08:15 3933085    /lib/i386-linux-gnu/ld-2.17.so
b77cd000-b77ce000 r--p 0001f000 08:15 3933085    /lib/i386-linux-gnu/ld-2.17.so
b77ce000-b77cf000 rw-p 00020000 08:15 3933085    /lib/i386-linux-gnu/ld-2.17.so
bf825000-bf846000 rw-p 00000000 00:00 0          [stack]

VM Arguments:
jvm_args: -Dfile.encoding=UTF-8 
java_command: com.muhammadHijazi.project1.handler.Project1
Launcher Type: SUN_STANDARD

Environment Variables:
PATH=/usr/lib/lightdm/lightdm:/usr/local/sbin:/usr/local/bin:/usr/sbin:/usr/bin:/sbin:/bin:/usr/games:/usr/local/games
LD_LIBRARY_PATH=/usr/lib/jvm/java-7-openjdk-i386/jre/lib/i386/server:/usr/lib/jvm/java-7-openjdk-i386/jre/lib/i386:/usr/lib/jvm/java-7-openjdk-i386/jre/../lib/i386:/usr/lib/jvm/java-7-openjdk-i386/jre/lib/i386/client:/usr/lib/jvm/java-7-openjdk-i386/jre/lib/i386:
SHELL=/bin/bash
DISPLAY=:0

Signal Handlers:
SIGSEGV: [libjvm.so+0x7ecdd0], sa_mask[0]=0x7ffbfeff, sa_flags=0x10000004
SIGBUS: [libjvm.so+0x7ecdd0], sa_mask[0]=0x7ffbfeff, sa_flags=0x10000004
SIGFPE: [libjvm.so+0x66ab90], sa_mask[0]=0x7ffbfeff, sa_flags=0x10000004
SIGPIPE: [libjvm.so+0x66ab90], sa_mask[0]=0x7ffbfeff, sa_flags=0x10000004
SIGXFSZ: [libjvm.so+0x66ab90], sa_mask[0]=0x7ffbfeff, sa_flags=0x10000004
SIGILL: [libjvm.so+0x66ab90], sa_mask[0]=0x7ffbfeff, sa_flags=0x10000004
SIGUSR1: SIG_DFL, sa_mask[0]=0x00000000, sa_flags=0x00000000
SIGUSR2: [libjvm.so+0x66aa20], sa_mask[0]=0x00000004, sa_flags=0x10000004
SIGHUP: [libjvm.so+0x66ac50], sa_mask[0]=0x7ffbfeff, sa_flags=0x10000004
SIGINT: [libjvm.so+0x66ac50], sa_mask[0]=0x7ffbfeff, sa_flags=0x10000004
SIGTERM: [libjvm.so+0x66ac50], sa_mask[0]=0x7ffbfeff, sa_flags=0x10000004
SIGQUIT: [libjvm.so+0x66ac50], sa_mask[0]=0x7ffbfeff, sa_flags=0x10000004


---------------  S Y S T E M  ---------------

OS:Ubuntu 13.10 (saucy)
uname:Linux 3.11.0-15-generic #25-Ubuntu SMP Thu Jan 30 17:25:07 UTC 2014 i686
libc:glibc 2.17 NPTL 2.17 
rlimit: STACK 8192k, CORE 0k, NPROC 64442, NOFILE 4096, AS infinity
load average:0.77 0.54 0.52

/proc/meminfo:
MemTotal:        8266208 kB
MemFree:         6457276 kB
Buffers:           91928 kB
Cached:          1214984 kB
SwapCached:            0 kB
Active:           955076 kB
Inactive:         726408 kB
Active(anon):     381680 kB
Inactive(anon):     7672 kB
Active(file):     573396 kB
Inactive(file):   718736 kB
Unevictable:          32 kB
Mlocked:              32 kB
HighTotal:       7454268 kB
HighFree:        5846332 kB
LowTotal:         811940 kB
LowFree:          610944 kB
SwapTotal:             0 kB
SwapFree:              0 kB
Dirty:               976 kB
Writeback:             0 kB
AnonPages:        353132 kB
Mapped:            77292 kB
Shmem:             15112 kB
Slab:              87636 kB
SReclaimable:      59100 kB
SUnreclaim:        28536 kB
KernelStack:        4496 kB
PageTables:         4112 kB
NFS_Unstable:          0 kB
Bounce:                0 kB
WritebackTmp:          0 kB
CommitLimit:     4133104 kB
Committed_AS:    1391288 kB
VmallocTotal:     122880 kB
VmallocUsed:      116352 kB
VmallocChunk:       2036 kB
HardwareCorrupted:     0 kB
AnonHugePages:         0 kB
HugePages_Total:       0
HugePages_Free:        0
HugePages_Rsvd:        0
HugePages_Surp:        0
Hugepagesize:       2048 kB
DirectMap4k:       12280 kB
DirectMap2M:      899072 kB


CPU:total 8 (4 cores per cpu, 2 threads per core) family 6 model 42 stepping 7, cmov, cx8, fxsr, mmx, sse, sse2, sse3, ssse3, sse4.1, sse4.2, popcnt, avx, ht, tsc, tscinvbit

/proc/cpuinfo:
processor	: 0
vendor_id	: GenuineIntel
cpu family	: 6
model		: 42
model name	: Intel(R) Core(TM) i7-2670QM CPU @ 2.20GHz
stepping	: 7
microcode	: 0x15
cpu MHz		: 2201.000
cache size	: 6144 KB
physical id	: 0
siblings	: 8
core id		: 0
cpu cores	: 4
apicid		: 0
initial apicid	: 0
fdiv_bug	: no
f00f_bug	: no
coma_bug	: no
fpu		: yes
fpu_exception	: yes
cpuid level	: 13
wp		: yes
flags		: fpu vme de pse tsc msr pae mce cx8 apic sep mtrr pge mca cmov pat pse36 clflush dts acpi mmx fxsr sse sse2 ss ht tm pbe nx rdtscp lm constant_tsc arch_perfmon pebs bts xtopology nonstop_tsc aperfmperf eagerfpu pni pclmulqdq dtes64 monitor ds_cpl vmx est tm2 ssse3 cx16 xtpr pdcm pcid sse4_1 sse4_2 x2apic popcnt tsc_deadline_timer xsave avx lahf_lm ida arat epb xsaveopt pln pts dtherm tpr_shadow vnmi flexpriority ept vpid
bogomips	: 4389.91
clflush size	: 64
cache_alignment	: 64
address sizes	: 36 bits physical, 48 bits virtual
power management:

processor	: 1
vendor_id	: GenuineIntel
cpu family	: 6
model		: 42
model name	: Intel(R) Core(TM) i7-2670QM CPU @ 2.20GHz
stepping	: 7
microcode	: 0x15
cpu MHz		: 2201.000
cache size	: 6144 KB
physical id	: 0
siblings	: 8
core id		: 1
cpu cores	: 4
apicid		: 2
initial apicid	: 2
fdiv_bug	: no
f00f_bug	: no
coma_bug	: no
fpu		: yes
fpu_exception	: yes
cpuid level	: 13
wp		: yes
flags		: fpu vme de pse tsc msr pae mce cx8 apic sep mtrr pge mca cmov pat pse36 clflush dts acpi mmx fxsr sse sse2 ss ht tm pbe nx rdtscp lm constant_tsc arch_perfmon pebs bts xtopology nonstop_tsc aperfmperf eagerfpu pni pclmulqdq dtes64 monitor ds_cpl vmx est tm2 ssse3 cx16 xtpr pdcm pcid sse4_1 sse4_2 x2apic popcnt tsc_deadline_timer xsave avx lahf_lm ida arat epb xsaveopt pln pts dtherm tpr_shadow vnmi flexpriority ept vpid
bogomips	: 4389.91
clflush size	: 64
cache_alignment	: 64
address sizes	: 36 bits physical, 48 bits virtual
power management:

processor	: 2
vendor_id	: GenuineIntel
cpu family	: 6
model		: 42
model name	: Intel(R) Core(TM) i7-2670QM CPU @ 2.20GHz
stepping	: 7
microcode	: 0x15
cpu MHz		: 2201.000
cache size	: 6144 KB
physical id	: 0
siblings	: 8
core id		: 2
cpu cores	: 4
apicid		: 4
initial apicid	: 4
fdiv_bug	: no
f00f_bug	: no
coma_bug	: no
fpu		: yes
fpu_exception	: yes
cpuid level	: 13
wp		: yes
flags		: fpu vme de pse tsc msr pae mce cx8 apic sep mtrr pge mca cmov pat pse36 clflush dts acpi mmx fxsr sse sse2 ss ht tm pbe nx rdtscp lm constant_tsc arch_perfmon pebs bts xtopology nonstop_tsc aperfmperf eagerfpu pni pclmulqdq dtes64 monitor ds_cpl vmx est tm2 ssse3 cx16 xtpr pdcm pcid sse4_1 sse4_2 x2apic popcnt tsc_deadline_timer xsave avx lahf_lm ida arat epb xsaveopt pln pts dtherm tpr_shadow vnmi flexpriority ept vpid
bogomips	: 4389.91
clflush size	: 64
cache_alignment	: 64
address sizes	: 36 bits physical, 48 bits virtual
power management:

processor	: 3
vendor_id	: GenuineIntel
cpu family	: 6
model		: 42
model name	: Intel(R) Core(TM) i7-2670QM CPU @ 2.20GHz
stepping	: 7
microcode	: 0x15
cpu MHz		: 2201.000
cache size	: 6144 KB
physical id	: 0
siblings	: 8
core id		: 3
cpu cores	: 4
apicid		: 6
initial apicid	: 6
fdiv_bug	: no
f00f_bug	: no
coma_bug	: no
fpu		: yes
fpu_exception	: yes
cpuid level	: 13
wp		: yes
flags		: fpu vme de pse tsc msr pae mce cx8 apic sep mtrr pge mca cmov pat pse36 clflush dts acpi mmx fxsr sse sse2 ss ht tm pbe nx rdtscp lm constant_tsc arch_perfmon pebs bts xtopology nonstop_tsc aperfmperf eagerfpu pni pclmulqdq dtes64 monitor ds_cpl vmx est tm2 ssse3 cx16 xtpr pdcm pcid sse4_1 sse4_2 x2apic popcnt tsc_deadline_timer xsave avx lahf_lm ida arat epb xsaveopt pln pts dtherm tpr_shadow vnmi flexpriority ept vpid
bogomips	: 4389.91
clflush size	: 64
cache_alignment	: 64
address sizes	: 36 bits physical, 48 bits virtual
power management:

processor	: 4
vendor_id	: GenuineIntel
cpu family	: 6
model		: 42
model name	: Intel(R) Core(TM) i7-2670QM CPU @ 2.20GHz
stepping	: 7
microcode	: 0x15
cpu MHz		: 2201.000
cache size	: 6144 KB
physical id	: 0
siblings	: 8
core id		: 0
cpu cores	: 4
apicid		: 1
initial apicid	: 1
fdiv_bug	: no
f00f_bug	: no
coma_bug	: no
fpu		: yes
fpu_exception	: yes
cpuid level	: 13
wp		: yes
flags		: fpu vme de pse tsc msr pae mce cx8 apic sep mtrr pge mca cmov pat pse36 clflush dts acpi mmx fxsr sse sse2 ss ht tm pbe nx rdtscp lm constant_tsc arch_perfmon pebs bts xtopology nonstop_tsc aperfmperf eagerfpu pni pclmulqdq dtes64 monitor ds_cpl vmx est tm2 ssse3 cx16 xtpr pdcm pcid sse4_1 sse4_2 x2apic popcnt tsc_deadline_timer xsave avx lahf_lm ida arat epb xsaveopt pln pts dtherm tpr_shadow vnmi flexpriority ept vpid
bogomips	: 4389.91
clflush size	: 64
cache_alignment	: 64
address sizes	: 36 bits physical, 48 bits virtual
power management:

processor	: 5
vendor_id	: GenuineIntel
cpu family	: 6
model		: 42
model name	: Intel(R) Core(TM) i7-2670QM CPU @ 2.20GHz
stepping	: 7
microcode	: 0x15
cpu MHz		: 2201.000
cache size	: 6144 KB
physical id	: 0
siblings	: 8
core id		: 1
cpu cores	: 4
apicid		: 3
initial apicid	: 3
fdiv_bug	: no
f00f_bug	: no
coma_bug	: no
fpu		: yes
fpu_exception	: yes
cpuid level	: 13
wp		: yes
flags		: fpu vme de pse tsc msr pae mce cx8 apic sep mtrr pge mca cmov pat pse36 clflush dts acpi mmx fxsr sse sse2 ss ht tm pbe nx rdtscp lm constant_tsc arch_perfmon pebs bts xtopology nonstop_tsc aperfmperf eagerfpu pni pclmulqdq dtes64 monitor ds_cpl vmx est tm2 ssse3 cx16 xtpr pdcm pcid sse4_1 sse4_2 x2apic popcnt tsc_deadline_timer xsave avx lahf_lm ida arat epb xsaveopt pln pts dtherm tpr_shadow vnmi flexpriority ept vpid
bogomips	: 4389.91
clflush size	: 64
cache_alignment	: 64
address sizes	: 36 bits physical, 48 bits virtual
power management:

processor	: 6
vendor_id	: GenuineIntel
cpu family	: 6
model		: 42
model name	: Intel(R) Core(TM) i7-2670QM CPU @ 2.20GHz
stepping	: 7
microcode	: 0x15
cpu MHz		: 2201.000
cache size	: 6144 KB
physical id	: 0
siblings	: 8
core id		: 2
cpu cores	: 4
apicid		: 5
initial apicid	: 5
fdiv_bug	: no
f00f_bug	: no
coma_bug	: no
fpu		: yes
fpu_exception	: yes
cpuid level	: 13
wp		: yes
flags		: fpu vme de pse tsc msr pae mce cx8 apic sep mtrr pge mca cmov pat pse36 clflush dts acpi mmx fxsr sse sse2 ss ht tm pbe nx rdtscp lm constant_tsc arch_perfmon pebs bts xtopology nonstop_tsc aperfmperf eagerfpu pni pclmulqdq dtes64 monitor ds_cpl vmx est tm2 ssse3 cx16 xtpr pdcm pcid sse4_1 sse4_2 x2apic popcnt tsc_deadline_timer xsave avx lahf_lm ida arat epb xsaveopt pln pts dtherm tpr_shadow vnmi flexpriority ept vpid
bogomips	: 4389.91
clflush size	: 64
cache_alignment	: 64
address sizes	: 36 bits physical, 48 bits virtual
power management:

processor	: 7
vendor_id	: GenuineIntel
cpu family	: 6
model		: 42
model name	: Intel(R) Core(TM) i7-2670QM CPU @ 2.20GHz
stepping	: 7
microcode	: 0x15
cpu MHz		: 2201.000
cache size	: 6144 KB
physical id	: 0
siblings	: 8
core id		: 3
cpu cores	: 4
apicid		: 7
initial apicid	: 7
fdiv_bug	: no
f00f_bug	: no
coma_bug	: no
fpu		: yes
fpu_exception	: yes
cpuid level	: 13
wp		: yes
flags		: fpu vme de pse tsc msr pae mce cx8 apic sep mtrr pge mca cmov pat pse36 clflush dts acpi mmx fxsr sse sse2 ss ht tm pbe nx rdtscp lm constant_tsc arch_perfmon pebs bts xtopology nonstop_tsc aperfmperf eagerfpu pni pclmulqdq dtes64 monitor ds_cpl vmx est tm2 ssse3 cx16 xtpr pdcm pcid sse4_1 sse4_2 x2apic popcnt tsc_deadline_timer xsave avx lahf_lm ida arat epb xsaveopt pln pts dtherm tpr_shadow vnmi flexpriority ept vpid
bogomips	: 4389.91
clflush size	: 64
cache_alignment	: 64
address sizes	: 36 bits physical, 48 bits virtual
power management:



Memory: 4k page, physical 8266208k(6468984k free), swap 0k(0k free)

vm_info: OpenJDK Server VM (24.45-b08) for linux-x86 JRE (1.7.0_51-b00), built on Jan 15 2014 22:09:30 by "buildd" with gcc 4.8.1

time: Fri Feb 21 18:51:09 2014
elapsed time: 486 seconds

